# JRE version: OpenJDK Runtime Environment (8.0_152-b01) (build 1.8.0_152-release-915-b01)
# Java VM: OpenJDK 64-Bit Server VM (25.152-b01 mixed mode windows-amd64 compressed oops)
Heap:
 PSYoungGen      total 131584K, used 119908K [0x00000000e0000000, 0x00000000eab00000, 0x0000000100000000)
  eden space 107008K, 89% used [0x00000000e0000000,0x00000000e5d1cd88,0x00000000e6880000)
  from space 24576K, 99% used [0x00000000e6880000,0x00000000e807c3b0,0x00000000e8080000)
  to   space 29184K, 0% used [0x00000000e8e80000,0x00000000e8e80000,0x00000000eab00000)
 ParOldGen       total 106496K, used 48934K [0x00000000a0000000, 0x00000000a6800000, 0x00000000e0000000)
  object space 106496K, 45% used [0x00000000a0000000,0x00000000a2fc9860,0x00000000a6800000)
 Metaspace       used 80527K, capacity 85648K, committed 85888K, reserved 1124352K
  class space    used 10616K, capacity 11868K, committed 11904K, reserved 1048576K
GC Heap History (10 events):
Event: 105.145 GC heap before
{Heap before GC invocations=28 (full 3):
 PSYoungGen      total 107520K, used 95265K [0x00000000e0000000, 0x00000000e8500000, 0x0000000100000000)
  eden space 90112K, 100% used [0x00000000e0000000,0x00000000e5800000,0x00000000e5800000)
  from space 17408K, 29% used [0x00000000e7400000,0x00000000e7908698,0x00000000e8500000)
  to   space 23040K, 0% used [0x00000000e5800000,0x00000000e5800000,0x00000000e6e80000)
 ParOldGen       total 106496K, used 46249K [0x00000000a0000000, 0x00000000a6800000, 0x00000000e0000000)
  object space 106496K, 43% used [0x00000000a0000000,0x00000000a2d2a750,0x00000000a6800000)
 Metaspace       used 61923K, capacity 64988K, committed 65152K, reserved 1105920K
  class space    used 8295K, capacity 9058K, committed 9088K, reserved 1048576K
Event: 105.194 GC heap after
Heap after GC invocations=28 (full 3):
 PSYoungGen      total 113152K, used 9116K [0x00000000e0000000, 0x00000000e8d00000, 0x0000000100000000)
  eden space 90112K, 0% used [0x00000000e0000000,0x00000000e0000000,0x00000000e5800000)
  from space 23040K, 39% used [0x00000000e5800000,0x00000000e60e7090,0x00000000e6e80000)
  to   space 21504K, 0% used [0x00000000e7800000,0x00000000e7800000,0x00000000e8d00000)
 ParOldGen       total 106496K, used 46257K [0x00000000a0000000, 0x00000000a6800000, 0x00000000e0000000)
  object space 106496K, 43% used [0x00000000a0000000,0x00000000a2d2c750,0x00000000a6800000)
 Metaspace       used 61923K, capacity 64988K, committed 65152K, reserved 1105920K
  class space    used 8295K, capacity 9058K, committed 9088K, reserved 1048576K
}
Event: 113.650 GC heap before
{Heap before GC invocations=29 (full 3):
 PSYoungGen      total 113152K, used 99228K [0x00000000e0000000, 0x00000000e8d00000, 0x0000000100000000)
  eden space 90112K, 100% used [0x00000000e0000000,0x00000000e5800000,0x00000000e5800000)
  from space 23040K, 39% used [0x00000000e5800000,0x00000000e60e7090,0x00000000e6e80000)
  to   space 21504K, 0% used [0x00000000e7800000,0x00000000e7800000,0x00000000e8d00000)
 ParOldGen       total 106496K, used 46257K [0x00000000a0000000, 0x00000000a6800000, 0x00000000e0000000)
  object space 106496K, 43% used [0x00000000a0000000,0x00000000a2d2c750,0x00000000a6800000)
 Metaspace       used 65074K, capacity 68326K, committed 68608K, reserved 1107968K
  class space    used 8603K, capacity 9413K, committed 9472K, reserved 1048576K
Event: 113.680 GC heap after
Heap after GC invocations=29 (full 3):
 PSYoungGen      total 121856K, used 14978K [0x00000000e0000000, 0x00000000e8e00000, 0x0000000100000000)
  eden space 100352K, 0% used [0x00000000e0000000,0x00000000e0000000,0x00000000e6200000)
  from space 21504K, 69% used [0x00000000e7800000,0x00000000e86a0bd8,0x00000000e8d00000)
  to   space 22528K, 0% used [0x00000000e6200000,0x00000000e6200000,0x00000000e7800000)
 ParOldGen       total 106496K, used 46265K [0x00000000a0000000, 0x00000000a6800000, 0x00000000e0000000)
  object space 106496K, 43% used [0x00000000a0000000,0x00000000a2d2e750,0x00000000a6800000)
 Metaspace       used 65074K, capacity 68326K, committed 68608K, reserved 1107968K
  class space    used 8603K, capacity 9413K, committed 9472K, reserved 1048576K
}
Event: 268.250 GC heap before
{Heap before GC invocations=30 (full 3):
 PSYoungGen      total 121856K, used 115330K [0x00000000e0000000, 0x00000000e8e00000, 0x0000000100000000)
  eden space 100352K, 100% used [0x00000000e0000000,0x00000000e6200000,0x00000000e6200000)
  from space 21504K, 69% used [0x00000000e7800000,0x00000000e86a0bd8,0x00000000e8d00000)
  to   space 22528K, 0% used [0x00000000e6200000,0x00000000e6200000,0x00000000e7800000)
 ParOldGen       total 106496K, used 46265K [0x00000000a0000000, 0x00000000a6800000, 0x00000000e0000000)
  object space 106496K, 43% used [0x00000000a0000000,0x00000000a2d2e750,0x00000000a6800000)
 Metaspace       used 65982K, capacity 69586K, committed 69632K, reserved 1110016K
  class space    used 8725K, capacity 9683K, committed 9728K, reserved 1048576K
Event: 268.271 GC heap after
Heap after GC invocations=30 (full 3):
 PSYoungGen      total 122880K, used 11268K [0x00000000e0000000, 0x00000000e9600000, 0x0000000100000000)
  eden space 100352K, 0% used [0x00000000e0000000,0x00000000e0000000,0x00000000e6200000)
  from space 22528K, 50% used [0x00000000e6200000,0x00000000e6d013d0,0x00000000e7800000)
  to   space 22016K, 0% used [0x00000000e8080000,0x00000000e8080000,0x00000000e9600000)
 ParOldGen       total 106496K, used 46273K [0x00000000a0000000, 0x00000000a6800000, 0x00000000e0000000)
  object space 106496K, 43% used [0x00000000a0000000,0x00000000a2d30750,0x00000000a6800000)
 Metaspace       used 65982K, capacity 69586K, committed 69632K, reserved 1110016K
  class space    used 8725K, capacity 9683K, committed 9728K, reserved 1048576K
}
Event: 281.040 GC heap before
{Heap before GC invocations=31 (full 3):
 PSYoungGen      total 122880K, used 111620K [0x00000000e0000000, 0x00000000e9600000, 0x0000000100000000)
  eden space 100352K, 100% used [0x00000000e0000000,0x00000000e6200000,0x00000000e6200000)
  from space 22528K, 50% used [0x00000000e6200000,0x00000000e6d013d0,0x00000000e7800000)
  to   space 22016K, 0% used [0x00000000e8080000,0x00000000e8080000,0x00000000e9600000)
 ParOldGen       total 106496K, used 46273K [0x00000000a0000000, 0x00000000a6800000, 0x00000000e0000000)
  object space 106496K, 43% used [0x00000000a0000000,0x00000000a2d30750,0x00000000a6800000)
 Metaspace       used 71347K, capacity 75132K, committed 75264K, reserved 1114112K
  class space    used 9399K, capacity 10385K, committed 10496K, reserved 1048576K
Event: 281.086 GC heap after
Heap after GC invocations=31 (full 3):
 PSYoungGen      total 129024K, used 21503K [0x00000000e0000000, 0x00000000e9a00000, 0x0000000100000000)
  eden space 107008K, 0% used [0x00000000e0000000,0x00000000e0000000,0x00000000e6880000)
  from space 22016K, 97% used [0x00000000e8080000,0x00000000e957fd78,0x00000000e9600000)
  to   space 24576K, 0% used [0x00000000e6880000,0x00000000e6880000,0x00000000e8080000)
 ParOldGen       total 106496K, used 46281K [0x00000000a0000000, 0x00000000a6800000, 0x00000000e0000000)
  object space 106496K, 43% used [0x00000000a0000000,0x00000000a2d32750,0x00000000a6800000)
 Metaspace       used 71347K, capacity 75132K, committed 75264K, reserved 1114112K
  class space    used 9399K, capacity 10385K, committed 10496K, reserved 1048576K
}
Event: 289.629 GC heap before
{Heap before GC invocations=32 (full 3):
 PSYoungGen      total 129024K, used 128511K [0x00000000e0000000, 0x00000000e9a00000, 0x0000000100000000)
  eden space 107008K, 100% used [0x00000000e0000000,0x00000000e6880000,0x00000000e6880000)
  from space 22016K, 97% used [0x00000000e8080000,0x00000000e957fd78,0x00000000e9600000)
  to   space 24576K, 0% used [0x00000000e6880000,0x00000000e6880000,0x00000000e8080000)
 ParOldGen       total 106496K, used 46281K [0x00000000a0000000, 0x00000000a6800000, 0x00000000e0000000)
  object space 106496K, 43% used [0x00000000a0000000,0x00000000a2d32750,0x00000000a6800000)
 Metaspace       used 76692K, capacity 81362K, committed 81536K, reserved 1120256K
  class space    used 10238K, capacity 11361K, committed 11392K, reserved 1048576K
Event: 289.734 GC heap after
Heap after GC invocations=32 (full 3):
 PSYoungGen      total 131584K, used 24560K [0x00000000e0000000, 0x00000000eab00000, 0x0000000100000000)
  eden space 107008K, 0% used [0x00000000e0000000,0x00000000e0000000,0x00000000e6880000)
  from space 24576K, 99% used [0x00000000e6880000,0x00000000e807c3b0,0x00000000e8080000)
  to   space 29184K, 0% used [0x00000000e8e80000,0x00000000e8e80000,0x00000000eab00000)
 ParOldGen       total 106496K, used 48934K [0x00000000a0000000, 0x00000000a6800000, 0x00000000e0000000)
  object space 106496K, 45% used [0x00000000a0000000,0x00000000a2fc9860,0x00000000a6800000)
 Metaspace       used 76692K, capacity 81362K, committed 81536K, reserved 1120256K
  class space    used 10238K, capacity 11361K, committed 11392K, reserved 1048576K
}

